[2025-02-15 18:59:00,594: INFO: main: stage Data Ingestion Stage started]
[2025-02-15 18:59:00,595: INFO: common: yaml file: config/config.yml loaded successfully]
[2025-02-15 18:59:00,595: INFO: common: yaml file: params.yml loaded successfully]
[2025-02-15 18:59:00,598: INFO: common: Directory created at: {path}]
[2025-02-15 18:59:00,598: INFO: common: Directory created at: {path}]
[2025-02-15 18:59:01,563: INFO: data_ingestion: File downloaded]
[2025-02-15 18:59:01,664: INFO: main: stage Data Ingestion Stage started]
[2025-02-15 19:46:31,143: INFO: config: PyTorch version 2.6.0 available.]
[2025-02-16 10:48:21,803: INFO: config: PyTorch version 2.6.0 available.]
[2025-02-16 10:52:26,259: INFO: common: yaml file: config/config.yml loaded successfully]
[2025-02-16 10:52:26,262: INFO: common: yaml file: params.yml loaded successfully]
[2025-02-16 10:52:26,263: INFO: common: Directory created at: {path}]
[2025-02-16 10:52:26,264: INFO: common: Directory created at: {path}]
[2025-02-16 10:53:30,181: INFO: common: yaml file: config/config.yml loaded successfully]
[2025-02-16 10:53:30,183: INFO: common: yaml file: params.yml loaded successfully]
[2025-02-16 10:53:30,184: INFO: common: Directory created at: {path}]
[2025-02-16 10:53:30,185: INFO: common: Directory created at: {path}]
[2025-02-16 11:19:45,879: INFO: config: PyTorch version 2.6.0 available.]
[2025-02-16 11:19:46,083: INFO: main: stage Data Ingestion Stage started]
[2025-02-16 11:19:46,083: INFO: common: yaml file: config/config.yml loaded successfully]
[2025-02-16 11:19:46,084: INFO: common: yaml file: params.yml loaded successfully]
[2025-02-16 11:19:46,084: INFO: common: Directory created at: {path}]
[2025-02-16 11:19:46,084: INFO: common: Directory created at: {path}]
[2025-02-16 11:19:46,084: INFO: data_ingestion: File already exists]
[2025-02-16 11:19:46,176: INFO: main: stage Data Ingestion Stage finished]
[2025-02-16 11:19:46,177: INFO: main: stage Data Transformation Stage started]
[2025-02-16 11:19:46,177: INFO: common: yaml file: config/config.yml loaded successfully]
[2025-02-16 11:19:46,177: INFO: common: yaml file: params.yml loaded successfully]
[2025-02-16 11:19:46,178: INFO: common: Directory created at: {path}]
[2025-02-16 11:19:46,179: INFO: common: Directory created at: {path}]
[2025-02-16 11:19:48,584: INFO: main: stage Data Transformation Stage finished]
